<?xml version="1.0" encoding="UTF-8" ?>
<testsuite tests="25" failures="0" name="core.SeleniumTest" time="0.003" errors="0" skipped="0">
  <properties>
[...]
</properties>
  <testcase classname="core.SeleniumTest" name="test_Title_Validation[Iteration # 0 : exp: learn2test.net; act: learn2test.net]" time="0.003"/>
  <testcase classname="core.SeleniumTest" name="test_Title_Validation[Iteration # 1 : exp: Google; act: Google]" time="0"/>
  <testcase classname="core.SeleniumTest" name="test_Title_Validation[Iteration # 2 : exp: Яндекс; act: Яндекс]" time="0"/>
  <testcase classname="core.SeleniumTest" name="test_Title_Validation[Iteration # 3 : exp: Wikipedia; act: Wikipedia]" time="0"/>
  <testcase classname="core.SeleniumTest" name="test_Title_Validation[Iteration # 4 : exp: Wikipedia, the free encyclopedia; act: Wikipedia, the free encyclopedia]" time="0"/>
  <testcase classname="core.SeleniumTest" name="test_Title_Validation[Iteration # 5 : exp: City Bank | Personal &amp; Business Banking - Auto &amp; Home Loans; act: City Bank | Personal &amp; Business Banking - Auto &amp; Home Loans]" time="0"/>
  <testcase classname="core.SeleniumTest" name="test_Title_Validation[Iteration # 6 : exp: Amazon.com: Online Shopping for Electronics, Apparel, Computers, Books, DVDs &amp; more; act: Amazon.com: Online Shopping for Electronics, Apparel, Computers, Books, DVDs &amp; more]" time="0"/>
  <testcase classname="core.SeleniumTest" name="test_Title_Validation[Iteration # 7 : exp: Stanford University; act: Stanford University]" time="0"/>
  <testcase classname="core.SeleniumTest" name="test_Title_Validation[Iteration # 8 : exp: Home Page - City of Palo Alto; act: Home Page - City of Palo Alto]" time="0"/>
  <testcase classname="core.SeleniumTest" name="test_Title_Validation[Iteration # 9 : exp: Google News; act: Google News]" time="0"/>
  <testcase classname="core.SeleniumTest" name="test_Title_Validation[Iteration # 10 : exp: Wells Fargo - Personal &amp; Business Banking - Student, Auto &amp; Home Loans - Investing &amp; Insurance; act: Wells Fargo - Personal &amp; Business Banking - Student, Auto &amp; Home Loans - Investing &amp; Insurance]" time="0"/>
  <testcase classname="core.SeleniumTest" name="test_Title_Validation[Iteration # 11 : exp: American Airlines - Airline tickets and cheap flights at AA.com; act: American Airlines - Airline tickets and cheap flights at AA.com]" time="0"/>
  <testcase classname="core.SeleniumTest" name="test_Title_Validation[Iteration # 12 : exp: Apple; act: Apple]" time="0"/>
  <testcase classname="core.SeleniumTest" name="test_Title_Validation[Iteration # 13 : exp: Personal banking | HSBC; act: Personal banking | HSBC]" time="0"/>
  <testcase classname="core.SeleniumTest" name="test_Title_Validation[Iteration # 14 : exp: Welcome to Forbes; act: Welcome to Forbes]" time="0"/>
  <testcase classname="core.SeleniumTest" name="test_Title_Validation[Iteration # 15 : exp: CHASE Bank - Credit Cards, Mortgage, Personal &amp; Commercial Banking, Auto Loans, Investing, Retirement Planning, Checking, and Business Banking; act: CHASE Bank - Credit Cards, Mortgage, Personal &amp; Commercial Banking, Auto Loans, Investing, Retirement Planning, Checking, and Business Banking]" time="0"/>
  <testcase classname="core.SeleniumTest" name="test_Title_Validation[Iteration # 16 : exp: BNY Mellon | The Investments Company for the World; act: BNY Mellon | The Investments Company for the World]" time="0"/>
  <testcase classname="core.SeleniumTest" name="test_Title_Validation[Iteration # 17 : exp: The Bancorp; act: The Bancorp]" time="0"/>
  <testcase classname="core.SeleniumTest" name="test_Title_Validation[Iteration # 18 : exp: PNC Bank - Personal Banking; act: PNC Bank - Personal Banking]" time="0"/>
  <testcase classname="core.SeleniumTest" name="test_Title_Validation[Iteration # 19 : exp: Capital One Credit Cards, Bank, and Loans - Personal and Business; act: Capital One Credit Cards, Bank, and Loans - Personal and Business]" time="0"/>
  <testcase classname="core.SeleniumTest" name="test_Title_Validation[Iteration # 20 : exp: Home; act: Home]" time="0"/>
  <testcase classname="core.SeleniumTest" name="test_Title_Validation[Iteration # 21 : exp: Personal Banking - Personal Bank Accounts from SunTrust; act: Personal Banking - Personal Bank Accounts from SunTrust]" time="0"/>
  <testcase classname="core.SeleniumTest" name="test_Title_Validation[Iteration # 22 : exp: American Express Credit Cards, Rewards, Travel and Business Services; act: American Express Credit Cards, Rewards, Travel and Business Services]" time="0"/>
  <testcase classname="core.SeleniumTest" name="test_Title_Validation[Iteration # 23 : exp: Google Maps; act: Google Maps]" time="0"/>
  <testcase classname="core.SeleniumTest" name="test_Title_Validation[Iteration # 24 : exp: List of largest banks in the United States - Wikipedia, the free encyclopedia; act: List of largest banks in the United States - Wikipedia, the free encyclopedia]" time="0"/>
</testsuite>